2025-01-13 17:21:42,494 - INFO - 已复制: cert.pem
2025-01-13 17:21:42,496 - INFO - 已复制: config.xml
2025-01-13 17:21:42,498 - INFO - 已复制: https-cert.pem
2025-01-13 17:21:42,501 - INFO - 已复制: https-key.pem
2025-01-13 17:21:42,504 - INFO - 已复制: key.pem
2025-01-13 17:21:42,507 - INFO - 已复制: syncthing.log
2025-01-13 17:21:42,508 - INFO - 跳过文件: C:\Users\Administrator.DESKTOP-L8LTP8H\AppData\Local\Syncthing\_gsdata_
2025-01-13 17:21:42,510 - INFO - 已复制: 000061.ldb
2025-01-13 17:21:42,512 - INFO - 已复制: 000062.log
2025-01-13 17:21:42,519 - INFO - 已复制: 000064.ldb
2025-01-13 17:21:42,521 - INFO - 已复制: CURRENT
2025-01-13 17:21:42,523 - INFO - 已复制: CURRENT.bak
2025-01-13 17:21:42,525 - INFO - 已复制: LOCK
2025-01-13 17:21:42,528 - INFO - 已复制: LOG
2025-01-13 17:21:42,530 - INFO - 已复制: MANIFEST-000063
2025-01-13 17:21:42,530 - INFO - 跳过文件: C:\Users\Administrator.DESKTOP-L8LTP8H\AppData\Local\Syncthing\_gsdata_\2024-1115-120643-DESKTOP-L8LTP8H-Syncthing.log
2025-01-13 17:21:42,530 - INFO - 跳过文件: C:\Users\Administrator.DESKTOP-L8LTP8H\AppData\Local\Syncthing\_gsdata_\2024-1115-120740-DESKTOP-L8LTP8H-Syncthing.log
2025-01-13 17:21:42,530 - INFO - 跳过文件: C:\Users\Administrator.DESKTOP-L8LTP8H\AppData\Local\Syncthing\_gsdata_\2024-1119-200054-DESKTOP-L8LTP8H-Syncthing.log
2025-01-13 17:21:42,530 - INFO - 跳过文件: C:\Users\Administrator.DESKTOP-L8LTP8H\AppData\Local\Syncthing\_gsdata_\2024-1119-200120-DESKTOP-L8LTP8H-Syncthing.log
2025-01-13 17:21:42,530 - INFO - 跳过文件: C:\Users\Administrator.DESKTOP-L8LTP8H\AppData\Local\Syncthing\_gsdata_\2024-1119-200957-DESKTOP-L8LTP8H-Syncthing.log
2025-01-13 17:21:42,530 - INFO - 跳过文件: C:\Users\Administrator.DESKTOP-L8LTP8H\AppData\Local\Syncthing\_gsdata_\2024-1123-113834-DESKTOP-L8LTP8H-Syncthing.log
2025-01-13 17:21:42,530 - INFO - 跳过文件: C:\Users\Administrator.DESKTOP-L8LTP8H\AppData\Local\Syncthing\_gsdata_\2025-0106-141839-DESKTOP-L8LTP8H-Syncthing.log
2025-01-13 17:21:42,531 - INFO - 跳过文件: C:\Users\Administrator.DESKTOP-L8LTP8H\AppData\Local\Syncthing\_gsdata_\_file_state_v4._gs
2025-01-13 17:21:42,531 - INFO - 跳过文件: C:\Users\Administrator.DESKTOP-L8LTP8H\AppData\Local\Syncthing\_gsdata_\_insync_v4.gsl
2025-01-13 17:21:42,535 - INFO - 已复制: wdch.dat
2025-01-13 17:21:42,538 - INFO - 已复制: Player-prev.log
2025-01-13 17:21:42,540 - INFO - 已复制: Player.log
2025-01-13 17:21:42,542 - INFO - 已复制: HookahHaze_0.dat
2025-01-13 17:21:42,545 - INFO - 已复制: HookahHaze_1.dat
2025-01-13 17:21:42,546 - INFO - 已复制: HookahHaze_11.dat
2025-01-13 17:21:42,550 - INFO - 已复制: HookahHaze_2.dat
2025-01-13 17:21:42,552 - INFO - 已复制: HookahHaze_98.dat
2025-01-13 17:21:42,554 - INFO - 已复制: HookahHaze_99.dat
2025-01-13 17:21:42,556 - INFO - 已复制: saveAuto
2025-01-13 17:21:42,558 - INFO - 已复制: system
2025-01-13 17:21:42,562 - INFO - 已复制: Character0.json
2025-01-13 17:21:42,564 - INFO - 已复制: Character0.json.backup
2025-01-13 17:21:42,566 - INFO - 已复制: FullBody0.png
2025-01-13 17:21:42,569 - INFO - 已复制: GlobalSaveData.json
2025-01-13 17:21:42,571 - INFO - 已复制: GlobalSaveData.json.backup
2025-01-13 17:21:42,573 - INFO - 已复制: Headshot0.png
2025-01-13 17:21:42,575 - INFO - 已复制: HeadshotGrayscale0.png
2025-01-13 17:21:42,577 - INFO - 已复制: ItemStash.json
2025-01-13 17:21:42,579 - INFO - 已复制: ItemStash.json.backup
2025-01-13 17:21:42,603 - INFO - 已复制: Player-prev.log
2025-01-13 17:21:42,609 - INFO - 已复制: Player.log
2025-01-13 17:21:42,612 - INFO - 已复制: QuestSaveCampaign.json
2025-01-13 17:21:42,614 - INFO - 已复制: QuestSaveCampaign.json.backup
2025-01-13 17:21:42,616 - INFO - 已复制: TransmogList.json
2025-01-13 17:21:42,618 - INFO - 已复制: TransmogList.json.backup
2025-01-13 17:21:42,621 - INFO - 已复制: metadata
2025-01-13 17:21:42,623 - INFO - 已复制: settings.dat
2025-01-13 17:21:42,628 - INFO - 已复制: config
2025-01-13 17:21:42,631 - INFO - 已复制: values
2025-01-13 17:21:42,633 - INFO - 已复制: c
2025-01-13 17:21:42,635 - INFO - 已复制: e
2025-01-13 17:21:42,638 - INFO - 已复制: g
2025-01-13 17:21:42,641 - INFO - 已复制: s
2025-01-13 17:21:42,643 - INFO - 已复制: config
2025-01-13 17:21:42,646 - INFO - 已复制: values
2025-01-13 17:21:42,648 - INFO - 已复制: c
2025-01-13 17:21:42,650 - INFO - 已复制: e
2025-01-13 17:21:42,653 - INFO - 已复制: g
2025-01-13 17:21:42,655 - INFO - 已复制: s
2025-01-13 17:21:42,658 - INFO - 已复制: 18000009_0a1ae2a3.trc
2025-01-13 17:21:42,660 - INFO - 已复制: 18000009_0a50bdc7.cmp
2025-01-13 17:21:42,663 - INFO - 已复制: 18000009_0a50bdc7.trc
2025-01-13 17:21:42,665 - INFO - 已复制: 18000009_1c2097d1.trc
2025-01-13 17:21:42,668 - INFO - 已复制: 18000009_1c89f297.trc
2025-01-13 17:21:42,671 - INFO - 已复制: 7z.exe
2025-01-13 17:21:42,674 - INFO - 已复制: 8_1b59fcdc.trc
2025-01-13 17:21:42,676 - INFO - 已复制: 8_1b7b7258.trc
2025-01-13 17:21:42,679 - INFO - 已复制: 8_1b9b8ae7.trc
2025-01-13 17:21:42,681 - INFO - 已复制: 8_1bd3bf22.trc
2025-01-13 17:21:42,685 - INFO - 已复制: DNF.trc
2025-01-13 17:21:42,686 - INFO - 已复制: DNF_DUMP20241112231542.zip
2025-01-13 17:21:42,688 - INFO - 已复制: DNF_TW.cfg
2025-01-13 17:21:42,690 - INFO - 已复制: __unknown___1c362b11.trc
2025-01-13 17:21:42,694 - INFO - 已复制: 001.bin
2025-01-13 17:21:42,699 - INFO - 已复制: 002.bin
2025-01-13 17:21:42,702 - INFO - 已复制: 003.bin
2025-01-13 17:21:42,705 - INFO - 已复制: 004.bin
2025-01-13 17:21:42,710 - INFO - 已复制: 005.bin
2025-01-13 17:21:42,713 - INFO - 已复制: 006.bin
2025-01-13 17:21:42,715 - INFO - 已复制: finfo.bin
2025-01-13 17:21:42,718 - INFO - 已复制: Player-prev.log
2025-01-13 17:21:42,722 - INFO - 已复制: Player.log
2025-01-13 17:21:42,724 - INFO - 已复制: setting.bin
2025-01-13 17:21:42,726 - INFO - 已复制: tinfo.bin
2025-01-13 17:21:42,728 - INFO - 已复制: cnlurllist2.dat
2025-01-13 17:21:42,730 - INFO - 已复制: defextmap.dat
2025-01-13 17:21:42,730 - INFO - 跳过文件: C:\Users\Administrator.DESKTOP-L8LTP8H\AppData\Roaming\IDM\DwnlData
2025-01-13 17:21:42,733 - INFO - 已复制: foldresHistory.txt
2025-01-13 17:21:42,736 - INFO - 已复制: idmfc.dat
2025-01-13 17:21:42,738 - INFO - 已复制: proxy.pac
2025-01-13 17:21:42,740 - INFO - 已复制: urlexclist.dat
2025-01-13 17:21:42,741 - INFO - 已复制: UrlHistory.txt
2025-01-13 17:21:42,742 - INFO - 跳过文件: C:\Users\Administrator.DESKTOP-L8LTP8H\AppData\Roaming\IDM\_gsdata_
2025-01-13 17:21:42,742 - INFO - 跳过文件: C:\Users\Administrator.DESKTOP-L8LTP8H\AppData\Roaming\IDM\DwnlData\Administrator
2025-01-13 17:21:42,744 - INFO - 已复制: chrome.manifest
2025-01-13 17:21:42,748 - INFO - 已复制: icon.png
2025-01-13 17:21:42,750 - INFO - 已复制: install.js
2025-01-13 17:21:42,752 - INFO - 已复制: install.rdf
2025-01-13 17:21:42,755 - INFO - 已复制: q_1.dt
2025-01-13 17:21:42,756 - INFO - 已复制: s_1.dt
2025-01-13 17:21:42,757 - INFO - 跳过文件: C:\Users\Administrator.DESKTOP-L8LTP8H\AppData\Roaming\IDM\_gsdata_\2024-1115-120740-DESKTOP-L8LTP8H-Idm.log
2025-01-13 17:21:42,757 - INFO - 跳过文件: C:\Users\Administrator.DESKTOP-L8LTP8H\AppData\Roaming\IDM\_gsdata_\2024-1119-200123-DESKTOP-L8LTP8H-Idm.log
2025-01-13 17:21:42,757 - INFO - 跳过文件: C:\Users\Administrator.DESKTOP-L8LTP8H\AppData\Roaming\IDM\_gsdata_\2024-1119-201009-DESKTOP-L8LTP8H-Idm.log
2025-01-13 17:21:42,757 - INFO - 跳过文件: C:\Users\Administrator.DESKTOP-L8LTP8H\AppData\Roaming\IDM\_gsdata_\2024-1119-201046-DESKTOP-L8LTP8H-Idm.log
2025-01-13 17:21:42,757 - INFO - 跳过文件: C:\Users\Administrator.DESKTOP-L8LTP8H\AppData\Roaming\IDM\_gsdata_\2025-0106-141847-DESKTOP-L8LTP8H-Idm.log
2025-01-13 17:21:42,757 - INFO - 跳过文件: C:\Users\Administrator.DESKTOP-L8LTP8H\AppData\Roaming\IDM\_gsdata_\2025-0106-141913-DESKTOP-L8LTP8H-Idm.log
2025-01-13 17:21:42,757 - INFO - 跳过文件: C:\Users\Administrator.DESKTOP-L8LTP8H\AppData\Roaming\IDM\_gsdata_\2025-0113-152527-LNWK-NNNR61-Idm.log
2025-01-13 17:21:42,757 - INFO - 跳过文件: C:\Users\Administrator.DESKTOP-L8LTP8H\AppData\Roaming\IDM\_gsdata_\2025-0113-160946-DESKTOP-L8LTP8H-Idm.log
2025-01-13 17:21:42,757 - INFO - 跳过文件: C:\Users\Administrator.DESKTOP-L8LTP8H\AppData\Roaming\IDM\_gsdata_\_file_state_v4._gs
2025-01-13 17:21:42,758 - INFO - 跳过文件: C:\Users\Administrator.DESKTOP-L8LTP8H\AppData\Roaming\IDM\_gsdata_\_insync_v4.gsl
2025-01-13 17:21:42,758 - INFO - 跳过文件: C:\Users\Administrator.DESKTOP-L8LTP8H\AppData\Roaming\IDM\DwnlData\Administrator\-E5-B0-8F-E9-B9-8F-E_988
2025-01-13 17:21:42,758 - INFO - 跳过文件: C:\Users\Administrator.DESKTOP-L8LTP8H\AppData\Roaming\IDM\DwnlData\Administrator\clip_g_939
2025-01-13 17:21:42,758 - INFO - 跳过文件: C:\Users\Administrator.DESKTOP-L8LTP8H\AppData\Roaming\IDM\DwnlData\Administrator\-E5-B0-8F-E9-B9-8F-E_988\-E5-B0-8F-E9-B9-8F-E_988.log
2025-01-13 17:21:42,758 - INFO - 跳过文件: C:\Users\Administrator.DESKTOP-L8LTP8H\AppData\Roaming\IDM\DwnlData\Administrator\clip_g_939\clip_g.pth
2025-01-13 17:21:42,759 - INFO - 跳过文件: C:\Users\Administrator.DESKTOP-L8LTP8H\AppData\Roaming\IDM\DwnlData\Administrator\clip_g_939\clip_g.pth1
2025-01-13 17:21:42,759 - INFO - 跳过文件: C:\Users\Administrator.DESKTOP-L8LTP8H\AppData\Roaming\IDM\DwnlData\Administrator\clip_g_939\clip_g.pth10
2025-01-13 17:21:42,759 - INFO - 跳过文件: C:\Users\Administrator.DESKTOP-L8LTP8H\AppData\Roaming\IDM\DwnlData\Administrator\clip_g_939\clip_g.pth11
2025-01-13 17:21:42,759 - INFO - 跳过文件: C:\Users\Administrator.DESKTOP-L8LTP8H\AppData\Roaming\IDM\DwnlData\Administrator\clip_g_939\clip_g.pth12
2025-01-13 17:21:42,759 - INFO - 跳过文件: C:\Users\Administrator.DESKTOP-L8LTP8H\AppData\Roaming\IDM\DwnlData\Administrator\clip_g_939\clip_g.pth13
2025-01-13 17:21:42,759 - INFO - 跳过文件: C:\Users\Administrator.DESKTOP-L8LTP8H\AppData\Roaming\IDM\DwnlData\Administrator\clip_g_939\clip_g.pth14
2025-01-13 17:21:42,759 - INFO - 跳过文件: C:\Users\Administrator.DESKTOP-L8LTP8H\AppData\Roaming\IDM\DwnlData\Administrator\clip_g_939\clip_g.pth15
2025-01-13 17:21:42,759 - INFO - 跳过文件: C:\Users\Administrator.DESKTOP-L8LTP8H\AppData\Roaming\IDM\DwnlData\Administrator\clip_g_939\clip_g.pth16
2025-01-13 17:21:42,760 - INFO - 跳过文件: C:\Users\Administrator.DESKTOP-L8LTP8H\AppData\Roaming\IDM\DwnlData\Administrator\clip_g_939\clip_g.pth17
2025-01-13 17:21:42,760 - INFO - 跳过文件: C:\Users\Administrator.DESKTOP-L8LTP8H\AppData\Roaming\IDM\DwnlData\Administrator\clip_g_939\clip_g.pth18
2025-01-13 17:21:42,760 - INFO - 跳过文件: C:\Users\Administrator.DESKTOP-L8LTP8H\AppData\Roaming\IDM\DwnlData\Administrator\clip_g_939\clip_g.pth19
2025-01-13 17:21:42,760 - INFO - 跳过文件: C:\Users\Administrator.DESKTOP-L8LTP8H\AppData\Roaming\IDM\DwnlData\Administrator\clip_g_939\clip_g.pth2
2025-01-13 17:21:42,760 - INFO - 跳过文件: C:\Users\Administrator.DESKTOP-L8LTP8H\AppData\Roaming\IDM\DwnlData\Administrator\clip_g_939\clip_g.pth20
2025-01-13 17:21:42,760 - INFO - 跳过文件: C:\Users\Administrator.DESKTOP-L8LTP8H\AppData\Roaming\IDM\DwnlData\Administrator\clip_g_939\clip_g.pth21
2025-01-13 17:21:42,760 - INFO - 跳过文件: C:\Users\Administrator.DESKTOP-L8LTP8H\AppData\Roaming\IDM\DwnlData\Administrator\clip_g_939\clip_g.pth22
2025-01-13 17:21:42,760 - INFO - 跳过文件: C:\Users\Administrator.DESKTOP-L8LTP8H\AppData\Roaming\IDM\DwnlData\Administrator\clip_g_939\clip_g.pth23
2025-01-13 17:21:42,761 - INFO - 跳过文件: C:\Users\Administrator.DESKTOP-L8LTP8H\AppData\Roaming\IDM\DwnlData\Administrator\clip_g_939\clip_g.pth24
2025-01-13 17:21:42,761 - INFO - 跳过文件: C:\Users\Administrator.DESKTOP-L8LTP8H\AppData\Roaming\IDM\DwnlData\Administrator\clip_g_939\clip_g.pth26
2025-01-13 17:21:42,761 - INFO - 跳过文件: C:\Users\Administrator.DESKTOP-L8LTP8H\AppData\Roaming\IDM\DwnlData\Administrator\clip_g_939\clip_g.pth27
2025-01-13 17:21:42,761 - INFO - 跳过文件: C:\Users\Administrator.DESKTOP-L8LTP8H\AppData\Roaming\IDM\DwnlData\Administrator\clip_g_939\clip_g.pth28
2025-01-13 17:21:42,761 - INFO - 跳过文件: C:\Users\Administrator.DESKTOP-L8LTP8H\AppData\Roaming\IDM\DwnlData\Administrator\clip_g_939\clip_g.pth3
2025-01-13 17:21:42,761 - INFO - 跳过文件: C:\Users\Administrator.DESKTOP-L8LTP8H\AppData\Roaming\IDM\DwnlData\Administrator\clip_g_939\clip_g.pth30
2025-01-13 17:21:42,761 - INFO - 跳过文件: C:\Users\Administrator.DESKTOP-L8LTP8H\AppData\Roaming\IDM\DwnlData\Administrator\clip_g_939\clip_g.pth31
2025-01-13 17:21:42,762 - INFO - 跳过文件: C:\Users\Administrator.DESKTOP-L8LTP8H\AppData\Roaming\IDM\DwnlData\Administrator\clip_g_939\clip_g.pth33
2025-01-13 17:21:42,762 - INFO - 跳过文件: C:\Users\Administrator.DESKTOP-L8LTP8H\AppData\Roaming\IDM\DwnlData\Administrator\clip_g_939\clip_g.pth35
2025-01-13 17:21:42,762 - INFO - 跳过文件: C:\Users\Administrator.DESKTOP-L8LTP8H\AppData\Roaming\IDM\DwnlData\Administrator\clip_g_939\clip_g.pth37
2025-01-13 17:21:42,762 - INFO - 跳过文件: C:\Users\Administrator.DESKTOP-L8LTP8H\AppData\Roaming\IDM\DwnlData\Administrator\clip_g_939\clip_g.pth4
2025-01-13 17:21:42,762 - INFO - 跳过文件: C:\Users\Administrator.DESKTOP-L8LTP8H\AppData\Roaming\IDM\DwnlData\Administrator\clip_g_939\clip_g.pth5
2025-01-13 17:21:42,762 - INFO - 跳过文件: C:\Users\Administrator.DESKTOP-L8LTP8H\AppData\Roaming\IDM\DwnlData\Administrator\clip_g_939\clip_g.pth6
2025-01-13 17:21:42,762 - INFO - 跳过文件: C:\Users\Administrator.DESKTOP-L8LTP8H\AppData\Roaming\IDM\DwnlData\Administrator\clip_g_939\clip_g.pth7
2025-01-13 17:21:42,762 - INFO - 跳过文件: C:\Users\Administrator.DESKTOP-L8LTP8H\AppData\Roaming\IDM\DwnlData\Administrator\clip_g_939\clip_g.pth8
2025-01-13 17:21:42,762 - INFO - 跳过文件: C:\Users\Administrator.DESKTOP-L8LTP8H\AppData\Roaming\IDM\DwnlData\Administrator\clip_g_939\clip_g.pth9
2025-01-13 17:21:42,763 - INFO - 跳过文件: C:\Users\Administrator.DESKTOP-L8LTP8H\AppData\Roaming\IDM\DwnlData\Administrator\clip_g_939\clip_g_939.log
2025-01-13 17:21:42,765 - INFO - 已复制: idmmzcc.jar
2025-01-13 17:21:42,768 - INFO - 已复制: idmhelper5.js
2025-01-13 17:21:42,770 - INFO - 已复制: idmmzcc.dll
2025-01-13 17:21:42,771 - INFO - 已复制: iIDMHelper5.xpt
2025-01-13 17:21:42,774 - INFO - 已复制: iIDMMzCC.xpt
2025-01-13 17:21:42,776 - INFO - 已复制: idmmzcc.dll
2025-01-13 17:21:42,777 - INFO - 已复制: idmmzcc64.dll
2025-01-13 17:21:42,780 - INFO - 已复制: idmcchandler2.dll
2025-01-13 17:21:42,784 - INFO - 已复制: idmcchandler2_64.dll
2025-01-13 17:21:42,787 - INFO - 已复制: idmhelper.js
2025-01-13 17:21:42,789 - INFO - 已复制: idmmzcc.dll
2025-01-13 17:21:42,791 - INFO - 已复制: idmmzcc64.dll
2025-01-13 17:21:42,794 - INFO - 已复制: iIDMHelper.xpt
2025-01-13 17:21:42,796 - INFO - 已复制: iIDMMzCC.xpt
2025-01-13 17:21:42,797 - INFO - 已复制: manifest.mf
2025-01-13 17:21:42,799 - INFO - 已复制: zigbert.rsa
2025-01-13 17:21:42,801 - INFO - 已复制: zigbert.sf
2025-01-13 17:21:42,802 - INFO - 复制移动总文件夹数: 7
