2024-11-19 20:10:48: Expanded 'file:///%GSDISK%/_ProFile/AppData/Roaming/IDM' to 'file:///M:/_ProFile/AppData/Roaming/IDM'
2024-11-19 20:10:48: == 同步开始由 User Command
2024-11-19 20:10:48: 创建文件夹 M:/_ProFile/AppData/Roaming/IDM/DwnlData/Administrator/142-ctc-data_bego_cc_74
2024-11-19 20:10:48: 创建文件夹 M:/_ProFile/AppData/Roaming/IDM/DwnlData/Administrator/d_feijix_com_75
2024-11-19 20:10:48: 创建文件夹 M:/_ProFile/AppData/Roaming/IDM/DwnlData/Administrator/wp_webqwe_com_760
2024-11-19 20:10:48: 覆盖复制 'C:/Users/Administrator.DESKTOP-L8LTP8H/AppData/Roaming/IDM/defextmap.dat' -> 'M:/_ProFile/AppData/Roaming/IDM/defextmap.dat' (3,825)
2024-11-19 20:10:48: 覆盖复制 'C:/Users/Administrator.DESKTOP-L8LTP8H/AppData/Roaming/IDM/cnlurllist2.dat' -> 'M:/_ProFile/AppData/Roaming/IDM/cnlurllist2.dat' (1,524)
2024-11-19 20:10:48: 新建复制 'C:/Users/Administrator.DESKTOP-L8LTP8H/AppData/Roaming/IDM/DwnlData/Administrator/142-ctc-data_bego_cc_74/142-ctc-data_bego_cc' -> 'M:/_ProFile/AppData/Roaming/IDM/DwnlData/Administrator/142-ctc-data_bego_cc_74/142-ctc-data_bego_cc' (720,677)
2024-11-19 20:10:48: 新建复制 'C:/Users/Administrator.DESKTOP-L8LTP8H/AppData/Roaming/IDM/DwnlData/Administrator/142-ctc-data_bego_cc_74/142-ctc-data_bego_cc1' -> 'M:/_ProFile/AppData/Roaming/IDM/DwnlData/Administrator/142-ctc-data_bego_cc_74/142-ctc-data_bego_cc1' (0)
2024-11-19 20:10:48: 新建复制 'C:/Users/Administrator.DESKTOP-L8LTP8H/AppData/Roaming/IDM/DwnlData/Administrator/142-ctc-data_bego_cc_74/log_74.log' -> 'M:/_ProFile/AppData/Roaming/IDM/DwnlData/Administrator/142-ctc-data_bego_cc_74/log_74.log' (5,583)
2024-11-19 20:10:48: 新建复制 'C:/Users/Administrator.DESKTOP-L8LTP8H/AppData/Roaming/IDM/DwnlData/Administrator/d_feijix_com_75/d_feijix_com' -> 'M:/_ProFile/AppData/Roaming/IDM/DwnlData/Administrator/d_feijix_com_75/d_feijix_com' (2,574,400)
2024-11-19 20:10:48: 新建复制 'C:/Users/Administrator.DESKTOP-L8LTP8H/AppData/Roaming/IDM/DwnlData/Administrator/d_feijix_com_75/d_feijix_com10' -> 'M:/_ProFile/AppData/Roaming/IDM/DwnlData/Administrator/d_feijix_com_75/d_feijix_com10' (360,529)
2024-11-19 20:10:48: 新建复制 'C:/Users/Administrator.DESKTOP-L8LTP8H/AppData/Roaming/IDM/DwnlData/Administrator/d_feijix_com_75/d_feijix_com11' -> 'M:/_ProFile/AppData/Roaming/IDM/DwnlData/Administrator/d_feijix_com_75/d_feijix_com11' (142,133)
2024-11-19 20:10:48: 新建复制 'C:/Users/Administrator.DESKTOP-L8LTP8H/AppData/Roaming/IDM/DwnlData/Administrator/d_feijix_com_75/d_feijix_com1' -> 'M:/_ProFile/AppData/Roaming/IDM/DwnlData/Administrator/d_feijix_com_75/d_feijix_com1' (5,750,784)
2024-11-19 20:10:48: 新建复制 'C:/Users/Administrator.DESKTOP-L8LTP8H/AppData/Roaming/IDM/DwnlData/Administrator/d_feijix_com_75/d_feijix_com12' -> 'M:/_ProFile/AppData/Roaming/IDM/DwnlData/Administrator/d_feijix_com_75/d_feijix_com12' (3,967)
2024-11-19 20:10:48: 新建复制 'C:/Users/Administrator.DESKTOP-L8LTP8H/AppData/Roaming/IDM/DwnlData/Administrator/d_feijix_com_75/d_feijix_com14' -> 'M:/_ProFile/AppData/Roaming/IDM/DwnlData/Administrator/d_feijix_com_75/d_feijix_com14' (199,322)
2024-11-19 20:10:48: 新建复制 'C:/Users/Administrator.DESKTOP-L8LTP8H/AppData/Roaming/IDM/DwnlData/Administrator/d_feijix_com_75/d_feijix_com15' -> 'M:/_ProFile/AppData/Roaming/IDM/DwnlData/Administrator/d_feijix_com_75/d_feijix_com15' (210,549)
2024-11-19 20:10:48: 新建复制 'C:/Users/Administrator.DESKTOP-L8LTP8H/AppData/Roaming/IDM/DwnlData/Administrator/d_feijix_com_75/d_feijix_com13' -> 'M:/_ProFile/AppData/Roaming/IDM/DwnlData/Administrator/d_feijix_com_75/d_feijix_com13' (767,895)
2024-11-19 20:10:48: 新建复制 'C:/Users/Administrator.DESKTOP-L8LTP8H/AppData/Roaming/IDM/DwnlData/Administrator/d_feijix_com_75/d_feijix_com16' -> 'M:/_ProFile/AppData/Roaming/IDM/DwnlData/Administrator/d_feijix_com_75/d_feijix_com16' (0)
2024-11-19 20:10:49: 新建复制 'C:/Users/Administrator.DESKTOP-L8LTP8H/AppData/Roaming/IDM/DwnlData/Administrator/d_feijix_com_75/d_feijix_com2' -> 'M:/_ProFile/AppData/Roaming/IDM/DwnlData/Administrator/d_feijix_com_75/d_feijix_com2' (4,028,471)
2024-11-19 20:10:49: 新建复制 'C:/Users/Administrator.DESKTOP-L8LTP8H/AppData/Roaming/IDM/DwnlData/Administrator/d_feijix_com_75/d_feijix_com3' -> 'M:/_ProFile/AppData/Roaming/IDM/DwnlData/Administrator/d_feijix_com_75/d_feijix_com3' (4,159,298)
2024-11-19 20:10:49: 新建复制 'C:/Users/Administrator.DESKTOP-L8LTP8H/AppData/Roaming/IDM/DwnlData/Administrator/d_feijix_com_75/d_feijix_com4' -> 'M:/_ProFile/AppData/Roaming/IDM/DwnlData/Administrator/d_feijix_com_75/d_feijix_com4' (8,960,264)
2024-11-19 20:10:49: 新建复制 'C:/Users/Administrator.DESKTOP-L8LTP8H/AppData/Roaming/IDM/DwnlData/Administrator/d_feijix_com_75/d_feijix_com5' -> 'M:/_ProFile/AppData/Roaming/IDM/DwnlData/Administrator/d_feijix_com_75/d_feijix_com5' (698,480)
2024-11-19 20:10:49: 新建复制 'C:/Users/Administrator.DESKTOP-L8LTP8H/AppData/Roaming/IDM/DwnlData/Administrator/d_feijix_com_75/d_feijix_com6' -> 'M:/_ProFile/AppData/Roaming/IDM/DwnlData/Administrator/d_feijix_com_75/d_feijix_com6' (1,794,933)
2024-11-19 20:10:49: 新建复制 'C:/Users/Administrator.DESKTOP-L8LTP8H/AppData/Roaming/IDM/DwnlData/Administrator/d_feijix_com_75/d_feijix_com7' -> 'M:/_ProFile/AppData/Roaming/IDM/DwnlData/Administrator/d_feijix_com_75/d_feijix_com7' (3,174,697)
2024-11-19 20:10:49: 新建复制 'C:/Users/Administrator.DESKTOP-L8LTP8H/AppData/Roaming/IDM/DwnlData/Administrator/d_feijix_com_75/log_75.log' -> 'M:/_ProFile/AppData/Roaming/IDM/DwnlData/Administrator/d_feijix_com_75/log_75.log' (35,934)
2024-11-19 20:10:49: 新建复制 'C:/Users/Administrator.DESKTOP-L8LTP8H/AppData/Roaming/IDM/DwnlData/Administrator/d_feijix_com_75/d_feijix_com9' -> 'M:/_ProFile/AppData/Roaming/IDM/DwnlData/Administrator/d_feijix_com_75/d_feijix_com9' (175,000)
2024-11-19 20:10:49: 新建复制 'C:/Users/Administrator.DESKTOP-L8LTP8H/AppData/Roaming/IDM/DwnlData/Administrator/d_feijix_com_75/d_feijix_com8' -> 'M:/_ProFile/AppData/Roaming/IDM/DwnlData/Administrator/d_feijix_com_75/d_feijix_com8' (2,971,968)
2024-11-19 20:10:49: 新建复制 'C:/Users/Administrator.DESKTOP-L8LTP8H/AppData/Roaming/IDM/DwnlData/Administrator/wp_webqwe_com_760/log_760.log' -> 'M:/_ProFile/AppData/Roaming/IDM/DwnlData/Administrator/wp_webqwe_com_760/log_760.log' (29,858)
2024-11-19 20:10:49: 新建复制 'C:/Users/Administrator.DESKTOP-L8LTP8H/AppData/Roaming/IDM/DwnlData/Administrator/wp_webqwe_com_760/wp_webqwe_com1' -> 'M:/_ProFile/AppData/Roaming/IDM/DwnlData/Administrator/wp_webqwe_com_760/wp_webqwe_com1' (0)
2024-11-19 20:10:49: 新建复制 'C:/Users/Administrator.DESKTOP-L8LTP8H/AppData/Roaming/IDM/proxy.pac' -> 'M:/_ProFile/AppData/Roaming/IDM/proxy.pac' (22,847)
2024-11-19 20:10:49: 覆盖复制 'C:/Users/Administrator.DESKTOP-L8LTP8H/AppData/Roaming/IDM/Scheduler/q_1.dt' -> 'M:/_ProFile/AppData/Roaming/IDM/Scheduler/q_1.dt' (12)
2024-11-19 20:10:49: 覆盖复制 'C:/Users/Administrator.DESKTOP-L8LTP8H/AppData/Roaming/IDM/urlexclist.dat' -> 'M:/_ProFile/AppData/Roaming/IDM/urlexclist.dat' (3,825)
2024-11-19 20:10:51: 新建复制 'C:/Users/Administrator.DESKTOP-L8LTP8H/AppData/Roaming/IDM/DwnlData/Administrator/wp_webqwe_com_760/wp_webqwe_com' -> 'M:/_ProFile/AppData/Roaming/IDM/DwnlData/Administrator/wp_webqwe_com_760/wp_webqwe_com' (760,831,227)
2024-11-19 20:10:51: Deleted Recycled: M:/_ProFile/AppData/Roaming/IDM/_gsdata_/_saved_/idmmzcc5/components2/idmcchandler2_64.dll
2024-11-19 20:10:51: Deleted Recycled: M:/_ProFile/AppData/Roaming/IDM/_gsdata_/_saved_/idmmzcc5/install.rdf
2024-11-19 20:10:51: Deleted Recycled: M:/_ProFile/AppData/Roaming/IDM/_gsdata_/_saved_/idmmzcc5/components2/iIDMMzCC.xpt
2024-11-19 20:10:51: Deleted Recycled: M:/_ProFile/AppData/Roaming/IDM/_gsdata_/_saved_/idmmzcc5/META-INF/zigbert.rsa
2024-11-19 20:10:51: Deleted Recycled: M:/_ProFile/AppData/Roaming/IDM/_gsdata_/_saved_/idmmzcc5/components2/idmhelper.js
2024-11-19 20:10:51: Deleted Recycled: M:/_ProFile/AppData/Roaming/IDM/_gsdata_/_saved_/idmmzcc5/components12/idmmzcc.dll
2024-11-19 20:10:51: Deleted Recycled: M:/_ProFile/AppData/Roaming/IDM/_gsdata_/_saved_/idmmzcc5/components/iIDMMzCC.xpt
2024-11-19 20:10:51: Deleted Recycled: M:/_ProFile/AppData/Roaming/IDM/_gsdata_/_saved_/idmmzcc5/components2/iIDMHelper.xpt
2024-11-19 20:10:51: Deleted Recycled: M:/_ProFile/AppData/Roaming/IDM/_gsdata_/_saved_/idmmzcc5/components2/idmmzcc.dll
2024-11-19 20:10:51: Deleted Recycled: M:/_ProFile/AppData/Roaming/IDM/_gsdata_/_saved_/idmmzcc5/components/idmmzcc.dll
2024-11-19 20:10:51: Deleted Recycled: M:/_ProFile/AppData/Roaming/IDM/_gsdata_/_saved_/foldresHistory.txt
2024-11-19 20:10:51: Deleted Recycled: M:/_ProFile/AppData/Roaming/IDM/_gsdata_/_saved_/idmmzcc5/META-INF/manifest.mf
2024-11-19 20:10:51: Deleted Recycled: M:/_ProFile/AppData/Roaming/IDM/_gsdata_/_saved_/idmmzcc5/chrome/idmmzcc.jar
2024-11-19 20:10:51: Deleted Recycled: M:/_ProFile/AppData/Roaming/IDM/_gsdata_/_saved_/idmmzcc5/icon.png
2024-11-19 20:10:51: Deleted Recycled: M:/_ProFile/AppData/Roaming/IDM/_gsdata_/_saved_/idmmzcc5/install.js
2024-11-19 20:10:51: Deleted Recycled: M:/_ProFile/AppData/Roaming/IDM/_gsdata_/_saved_/idmmzcc5/components2/idmmzcc64.dll
2024-11-19 20:10:51: Deleted Recycled: M:/_ProFile/AppData/Roaming/IDM/_gsdata_/_saved_/Scheduler/s_1.dt
2024-11-19 20:10:51: Deleted Recycled: M:/_ProFile/AppData/Roaming/IDM/_gsdata_/_saved_/idmmzcc5/components12/idmmzcc64.dll
2024-11-19 20:10:51: Deleted Recycled: M:/_ProFile/AppData/Roaming/IDM/_gsdata_/_saved_/idmmzcc5/components/iIDMHelper5.xpt
2024-11-19 20:10:51: Deleted Recycled: M:/_ProFile/AppData/Roaming/IDM/_gsdata_/_saved_/idmmzcc5/chrome.manifest
2024-11-19 20:10:51: Deleted Recycled: M:/_ProFile/AppData/Roaming/IDM/_gsdata_/_saved_/idmmzcc5/components2/idmcchandler2.dll
2024-11-19 20:10:51: Deleted Recycled: M:/_ProFile/AppData/Roaming/IDM/_gsdata_/_saved_/idmmzcc5/components/idmhelper5.js
2024-11-19 20:10:51: Deleted Recycled: M:/_ProFile/AppData/Roaming/IDM/_gsdata_/_saved_/idmmzcc5/META-INF/zigbert.sf
2024-11-19 20:10:51: == 同步完成. 历时: 00:00:03, 速度: 266.17 MB/s, 完成: 32, 错误: 0
