C:\Users\Administrator.DESKTOP-L8LTP8H\AppData\Roaming\Tencent\WeChat\cdncomm\cdn
C:\Users\Administrator.DESKTOP-L8LTP8H\AppData\Roaming\Tencent\WeChat\radium\ilink\cbfa48ad8c013fb22b0b6603cc64c463\netbridge\cdn\cdn
C:\Users\Administrator.DESKTOP-L8LTP8H\AppData\Roaming\Tencent\WeGame\qbcore91\cache\qbcore_cache_wegame.exe_130005\IndexedDB\https_v.qq.com_0.indexeddb.blob
name: log, size: 0KB
	Tencent, 0KB

name: SystemCache, size: 0KB
	Windows_Defender_Cache, 209MB

name: SystemTemp, size: 0KB
	SysTempFiles, 1.8MB

C:\Windows\WindowsUpdate.log
name: SystemLog, size: 0.3KB
	WindowsDefender, 29.6MB
	SysLogs, 0.3KB

E:\WeGameApps\英雄联盟\Launcher\log\sail
E:\WeGameApps\英雄联盟\Launcher\log\tcls
E:\WeGameApps\英雄联盟\Riot Client Data\User Data\Logs
E:\WeGameApps\英雄联盟\TCLS\TenProtect\TXSSO
E:\WeGameApps\英雄联盟\TCLS\ui\movie_tpf
E:\WeGameApps\英雄联盟\TCLS\ui\res\Game
name: Tencent_LOL, size: 0KB
	Tencent_LOL_log, 0KB

