Mono path[0] = 'M:/_Game/Hookah.Haze-GoldBerg/Hookah.Haze-GoldBerg/HookahHaze_Data/Managed'
Mono config path = 'M:/_Game/Hookah.Haze-GoldBerg/Hookah.Haze-GoldBerg/MonoBleedingEdge/etc'
[Physics::Module] Initialized MultithreadedJobDispatcher with 5 workers.
Initialize engine version: 2022.3.20f1 (61c2feb0970d)
[Subsystems] Discovering subsystems at path M:/_Game/Hookah.Haze-GoldBerg/Hookah.Haze-GoldBerg/HookahHaze_Data/UnitySubsystems
GfxDevice: creating device client; threaded=1; jobified=1
Direct3D:
    Version:  Direct3D 11.0 [level 11.1]
    Renderer: NVIDIA GeForce RTX 3060 Laptop GPU (ID=0x2520)
    Vendor:   NVIDIA
    VRAM:     12129 MB
    Driver:   31.0.15.3158
Begin MonoManager ReloadAssembly
- Loaded All Assemblies, in  0.294 seconds
- Finished resetting the current domain, in  0.001 seconds
<RI> Initializing input.
New input system (experimental) initialized
Using Windows.Gaming.Input
<RI> Input initialized.
<RI> Initialized touch support.
UnloadTime: 2.257800 ms
Unloading 6 Unused Serialized files (Serialized files now loaded: 21)
UnloadTime: 4.452800 ms
Unloading 80 unused Assets to reduce memory usage. Loaded Objects now: 9344.
Total: 20.833000 ms (FindLiveObjects: 1.016600 ms CreateObjectMapping: 0.247100 ms MarkObjects: 18.862300 ms  DeleteObjects: 0.706900 ms)

Unloading 0 Unused Serialized files (Serialized files now loaded: 21)
Unloading 0 unused Assets to reduce memory usage. Loaded Objects now: 9344.
Total: 18.758200 ms (FindLiveObjects: 0.510900 ms CreateObjectMapping: 0.216100 ms MarkObjects: 18.010000 ms  DeleteObjects: 0.021100 ms)

Setting up 6 worker threads for Enlighten.
Memory Statistics:
[ALLOC_TEMP_TLS] TLS Allocator
  StackAllocators : 
    [ALLOC_TEMP_MAIN]
      Peak usage frame count: [1.0 KB-2.0 KB]: 354 frames, [2.0 KB-4.0 KB]: 1 frames, [4.0 KB-8.0 KB]: 2 frames, [8.0 KB-16.0 KB]: 1 frames, [16.0 KB-32.0 KB]: 1 frames, [32.0 KB-64.0 KB]: 2 frames, [64.0 KB-128.0 KB]: 4 frames, [0.5 MB-1.0 MB]: 3 frames, [1.0 MB-2.0 MB]: 1 frames, [4.0 MB-8.0 MB]: 1 frames
      Initial Block Size 4.0 MB
      Current Block Size 8.0 MB
      Peak Allocated Bytes 6.9 MB
      Overflow Count 170671
    [ALLOC_TEMP_Background Job.worker 4]
      Initial Block Size 32.0 KB
      Current Block Size 32.0 KB
      Peak Allocated Bytes 2.7 KB
      Overflow Count 0
    [ALLOC_TEMP_Loading.PreloadManager]
      Initial Block Size 256.0 KB
      Current Block Size 508.0 KB
      Peak Allocated Bytes 506.0 KB
      Overflow Count 23
    [ALLOC_TEMP_Background Job.worker 3]
      Initial Block Size 32.0 KB
      Current Block Size 32.0 KB
      Peak Allocated Bytes 438 B
      Overflow Count 0
    [ALLOC_TEMP_Background Job.worker 11]
      Initial Block Size 32.0 KB
      Current Block Size 32.0 KB
      Peak Allocated Bytes 438 B
      Overflow Count 0
    [ALLOC_TEMP_Background Job.worker 7]
      Initial Block Size 32.0 KB
      Current Block Size 32.0 KB
      Peak Allocated Bytes 438 B
      Overflow Count 0
    [ALLOC_TEMP_Background Job.worker 6]
      Initial Block Size 32.0 KB
      Current Block Size 32.0 KB
      Peak Allocated Bytes 15.2 KB
      Overflow Count 0
    [ALLOC_TEMP_Background Job.worker 12]
      Initial Block Size 32.0 KB
      Current Block Size 32.0 KB
      Peak Allocated Bytes 438 B
      Overflow Count 0
    [ALLOC_TEMP_Background Job.worker 2]
      Initial Block Size 32.0 KB
      Current Block Size 32.0 KB
      Peak Allocated Bytes 18.3 KB
      Overflow Count 0
    [ALLOC_TEMP_Background Job.worker 9]
      Initial Block Size 32.0 KB
      Current Block Size 32.0 KB
      Peak Allocated Bytes 438 B
      Overflow Count 0
    [ALLOC_TEMP_Job.worker 0]
      Initial Block Size 256.0 KB
      Current Block Size 256.0 KB
      Peak Allocated Bytes 10.5 KB
      Overflow Count 0
    [ALLOC_TEMP_Job.worker 4]
      Initial Block Size 256.0 KB
      Current Block Size 256.0 KB
      Peak Allocated Bytes 3.5 KB
      Overflow Count 0
    [ALLOC_TEMP_Background Job.worker 8]
      Initial Block Size 32.0 KB
      Current Block Size 32.0 KB
      Peak Allocated Bytes 438 B
      Overflow Count 0
    [ALLOC_TEMP_Background Job.worker 15]
      Initial Block Size 32.0 KB
      Current Block Size 32.0 KB
      Peak Allocated Bytes 438 B
      Overflow Count 0
    [ALLOC_TEMP_Background Job.worker 1]
      Initial Block Size 32.0 KB
      Current Block Size 32.0 KB
      Peak Allocated Bytes 14.4 KB
      Overflow Count 1
    [ALLOC_TEMP_EnlightenWorker] x 6
      Initial Block Size 64.0 KB
      Current Block Size 64.0 KB
      Peak Allocated Bytes 54 B
      Overflow Count 0
    [ALLOC_TEMP_Job.worker 1]
      Initial Block Size 256.0 KB
      Current Block Size 256.0 KB
      Peak Allocated Bytes 20.0 KB
      Overflow Count 0
    [ALLOC_TEMP_Job.worker 3]
      Initial Block Size 256.0 KB
      Current Block Size 256.0 KB
      Peak Allocated Bytes 4.3 KB
      Overflow Count 0
    [ALLOC_TEMP_Background Job.worker 5]
      Initial Block Size 32.0 KB
      Current Block Size 32.0 KB
      Peak Allocated Bytes 438 B
      Overflow Count 0
    [ALLOC_TEMP_Background Job.worker 10]
      Initial Block Size 32.0 KB
      Current Block Size 32.0 KB
      Peak Allocated Bytes 438 B
      Overflow Count 0
    [ALLOC_TEMP_UnityGfxDeviceWorker]
      Initial Block Size 256.0 KB
      Current Block Size 256.0 KB
      Peak Allocated Bytes 12.6 KB
      Overflow Count 0
    [ALLOC_TEMP_AssetGarbageCollectorHelper] x 5
      Initial Block Size 64.0 KB
      Current Block Size 64.0 KB
      Peak Allocated Bytes 138 B
      Overflow Count 0
    [ALLOC_TEMP_Background Job.worker 13]
      Initial Block Size 32.0 KB
      Current Block Size 32.0 KB
      Peak Allocated Bytes 438 B
      Overflow Count 0
    [ALLOC_TEMP_Job.worker 2]
      Initial Block Size 256.0 KB
      Current Block Size 256.0 KB
      Peak Allocated Bytes 20.0 KB
      Overflow Count 0
    [ALLOC_TEMP_Background Job.worker 0]
      Initial Block Size 32.0 KB
      Current Block Size 32.0 KB
      Peak Allocated Bytes 438 B
      Overflow Count 0
    [ALLOC_TEMP_HIDInput]
      Initial Block Size 64.0 KB
      Current Block Size 64.0 KB
      Peak Allocated Bytes 10.8 KB
      Overflow Count 0
    [ALLOC_TEMP_Background Job.worker 14]
      Initial Block Size 32.0 KB
      Current Block Size 32.0 KB
      Peak Allocated Bytes 438 B
      Overflow Count 0
    [ALLOC_TEMP_Loading.AsyncRead]
      Initial Block Size 64.0 KB
      Current Block Size 124.0 KB
      Peak Allocated Bytes 120.1 KB
      Overflow Count 0
    [ALLOC_TEMP_BatchDeleteObjects]
      Initial Block Size 64.0 KB
      Current Block Size 64.0 KB
      Peak Allocated Bytes 54 B
      Overflow Count 0
[ALLOC_DEFAULT] Dual Thread Allocator
  Peak main deferred allocation count 474
    [ALLOC_BUCKET]
      Large Block size 4.0 MB
      Used Block count 1
      Peak Allocated bytes 3.5 MB
    [ALLOC_DEFAULT_MAIN]
      Peak usage frame count: [16.0 MB-32.0 MB]: 369 frames, [32.0 MB-64.0 MB]: 1 frames
      Requested Block Size 16.0 MB
      Peak Block count 2
      Peak Allocated memory 43.0 MB
      Peak Large allocation bytes 22.8 MB
    [ALLOC_DEFAULT_THREAD]
      Peak usage frame count: [16.0 MB-32.0 MB]: 354 frames, [32.0 MB-64.0 MB]: 3 frames, [64.0 MB-128.0 MB]: 13 frames
      Requested Block Size 16.0 MB
      Peak Block count 1
      Peak Allocated memory 72.6 MB
      Peak Large allocation bytes 64.0 MB
[ALLOC_TEMP_JOB_1_FRAME]
  Initial Block Size 2.0 MB
  Used Block Count 0
  Overflow Count (too large) 0
  Overflow Count (full) 0
[ALLOC_TEMP_JOB_2_FRAMES]
  Initial Block Size 2.0 MB
  Used Block Count 0
  Overflow Count (too large) 0
  Overflow Count (full) 0
[ALLOC_TEMP_JOB_4_FRAMES (JobTemp)]
  Initial Block Size 2.0 MB
  Used Block Count 1
  Overflow Count (too large) 0
  Overflow Count (full) 0
[ALLOC_TEMP_JOB_ASYNC (Background)]
  Initial Block Size 1.0 MB
  Used Block Count 1
  Overflow Count (too large) 0
  Overflow Count (full) 0
[ALLOC_GFX] Dual Thread Allocator
  Peak main deferred allocation count 7
    [ALLOC_BUCKET]
      Large Block size 4.0 MB
      Used Block count 1
      Peak Allocated bytes 3.5 MB
    [ALLOC_GFX_MAIN]
      Peak usage frame count: [64.0 KB-128.0 KB]: 327 frames, [128.0 KB-256.0 KB]: 43 frames
      Requested Block Size 16.0 MB
      Peak Block count 1
      Peak Allocated memory 130.5 KB
      Peak Large allocation bytes 0 B
    [ALLOC_GFX_THREAD]
      Peak usage frame count: [256.0 KB-0.5 MB]: 10 frames, [0.5 MB-1.0 MB]: 17 frames, [4.0 MB-8.0 MB]: 3 frames, [8.0 MB-16.0 MB]: 340 frames
      Requested Block Size 16.0 MB
      Peak Block count 1
      Peak Allocated memory 9.9 MB
      Peak Large allocation bytes 0 B
[ALLOC_CACHEOBJECTS] Dual Thread Allocator
  Peak main deferred allocation count 53
    [ALLOC_BUCKET]
      Large Block size 4.0 MB
      Used Block count 1
      Peak Allocated bytes 3.5 MB
    [ALLOC_CACHEOBJECTS_MAIN]
      Peak usage frame count: [8.0 MB-16.0 MB]: 370 frames
      Requested Block Size 4.0 MB
      Peak Block count 3
      Peak Allocated memory 14.5 MB
      Peak Large allocation bytes 4.9 MB
    [ALLOC_CACHEOBJECTS_THREAD]
      Peak usage frame count: [1.0 MB-2.0 MB]: 4 frames, [4.0 MB-8.0 MB]: 2 frames, [8.0 MB-16.0 MB]: 1 frames, [16.0 MB-32.0 MB]: 363 frames
      Requested Block Size 4.0 MB
      Peak Block count 3
      Peak Allocated memory 26.1 MB
      Peak Large allocation bytes 16.2 MB
[ALLOC_TYPETREE] Dual Thread Allocator
  Peak main deferred allocation count 1
    [ALLOC_BUCKET]
      Large Block size 4.0 MB
      Used Block count 1
      Peak Allocated bytes 3.5 MB
    [ALLOC_TYPETREE_MAIN]
      Peak usage frame count: [8.0 KB-16.0 KB]: 27 frames, [32.0 KB-64.0 KB]: 343 frames
      Requested Block Size 2.0 MB
      Peak Block count 1
      Peak Allocated memory 33.5 KB
      Peak Large allocation bytes 0 B
    [ALLOC_TYPETREE_THREAD]
      Peak usage frame count: [16.0 KB-32.0 KB]: 4 frames, [2.0 MB-4.0 MB]: 366 frames
      Requested Block Size 2.0 MB
      Peak Block count 2
      Peak Allocated memory 3.5 MB
      Peak Large allocation bytes 0 B
